Quarantaine Network Creation Log. File processed: .\Config\network.cfg, date: 2020-05-26 07:36:33.473243
Qu Creating single: s0Qu Creating single: s1Qu Creating single: s2Qu Creating single: s3Qu Creating single: s4Qu Creating single: s5Qu Creating single: s6Qu Creating single: s7Qu Creating single: s8Qu Creating single: s9Qu Creating single: s10Qu Creating single: s11Qu Creating single: s12Qu Creating single: s13Qu Creating single: s14Qu Creating single: s15Qu Creating single: s16Qu Creating single: s17Qu Creating single: s18Qu Creating single: s19Qu Creating Couple: c20 s21
Qu Creating Couple: c22 s23
Qu Creating Couple: c24 s25
Qu Creating Couple: c26 s27
Qu Creating Couple: c28 s29
Qu Creating Couple: c30 s31
Qu Creating Couple: c32 s33
Qu Creating Couple: c34 s35
Qu Creating Couple: c36 s37
Qu Creating Couple: c38 s39
Qu Creating Couple: c40 s41
Qu Creating Couple: c42 s43
Qu Creating Couple: c44 s45
Qu Creating Couple: c46 s47
Qu Creating Couple: c48 s49
Qu Creating Couple: c50 s51
Qu Creating Couple: c52 s53
Qu Creating Couple: c54 s55
Qu Creating Couple: c56 s57
Qu Creating Couple: c58 s59
Qu: Creating family 0: p60 p61 c62 c63 
Qu: Creating family 1: p64 p65 c66 c67 
Qu: Creating family 2: p68 p69 c70 c71 
Qu: Creating family 3: p72 p73 c74 c75 
Qu: Creating family 4: p76 p77 c78 c79 
Qu: Creating family 5: p80 p81 c82 c83 
Qu: Creating family 6: p84 p85 c86 c87 
Qu: Creating family 7: p88 p89 c90 c91 
Qu: Creating family 8: p92 p93 c94 c95 
Qu: Creating family 9: p96 p97 c98 c99 
Qu: Creating family 10: p100 p101 c102 c103 
Qu: Creating family 11: p104 p105 c106 c107 
Qu: Creating family 12: p108 p109 c110 c111 
Qu: Creating family 13: p112 p113 c114 c115 
Qu: Creating family 14: p116 p117 c118 c119 
Qu: Creating family 15: p120 p121 c122 c123 
Qu: Creating family 16: p124 p125 c126 c127 
Qu: Creating family 17: p128 p129 c130 c131 
Qu: Creating family 18: p132 p133 c134 c135 
Qu: Creating family 19: p136 p137 c138 c139 
Qu: Creating family 20: p140 p141 c142 c143 
Qu: Creating family 21: p144 p145 c146 c147 
Qu: Creating family 22: p148 p149 c150 c151 
Qu: Creating family 23: p152 p153 c154 c155 
Qu: Creating family 24: p156 p157 c158 c159 
Qu: Creating family 25: p160 p161 c162 c163 
Qu: Creating family 26: p164 p165 c166 c167 
Qu: Creating family 27: p168 p169 c170 c171 
Qu: Creating family 28: p172 p173 c174 c175 
Qu: Creating family 29: p176 p177 c178 c179 
Qu: Creating family 30: p180 p181 c182 c183 
Qu: Creating family 31: p184 p185 c186 c187 
Qu: Creating family 32: p188 p189 c190 c191 
Qu: Creating family 33: p192 p193 c194 c195 
Qu: Creating family 34: p196 p197 c198 c199 
Qu: Creating family 35: p200 p201 c202 c203 
Qu: Creating family 36: p204 p205 c206 c207 
Qu: Creating family 37: p208 p209 c210 c211 
Qu: Creating family 38: p212 p213 c214 c215 
Qu: Creating family 39: p216 p217 c218 c219 
Qu: Creating family 40: p220 p221 c222 c223 
Qu: Creating family 41: p224 p225 c226 c227 
Qu: Creating family 42: p228 p229 c230 c231 
Qu: Creating family 43: p232 p233 c234 c235 
Qu: Creating family 44: p236 p237 c238 c239 
Qu: Creating family 45: p240 p241 c242 c243 
Qu: Creating family 46: p244 p245 c246 c247 
Qu: Creating family 47: p248 p249 c250 c251 
Qu: Creating family 48: p252 p253 c254 c255 
Qu: Creating family 49: p256 p257 c258 c259 
Qu: Creating family 50: p260 p261 c262 c263 
Qu: Creating family 51: p264 p265 c266 c267 
Qu: Creating family 52: p268 p269 c270 c271 
Qu: Creating family 53: p272 p273 c274 c275 
Qu: Creating family 54: p276 p277 c278 c279 
Qu: Creating family 55: p280 p281 c282 c283 
Qu: Creating family 56: p284 p285 c286 c287 
Qu: Creating family 57: p288 p289 c290 c291 
Qu: Creating family 58: p292 p293 c294 c295 
Qu: Creating family 59: p296 p297 c298 c299 
Qu: Creating family 60: p300 p301 c302 c303 
Qu: Creating family 61: p304 p305 c306 c307 
Qu: Creating family 62: p308 p309 c310 c311 
Qu: Creating family 63: p312 p313 c314 c315 
Qu: Creating family 64: p316 p317 c318 c319 
Qu: Creating family 65: p320 p321 c322 c323 
Qu: Creating family 66: p324 p325 c326 c327 
Qu: Creating family 67: p328 p329 c330 c331 
Qu: Creating family 68: p332 p333 c334 c335 
Qu: Creating family 69: p336 p337 c338 c339 
Qu: Creating family 70: p340 p341 c342 c343 
Qu: Creating family 71: p344 p345 c346 c347 
Qu: Creating family 72: p348 p349 c350 c351 
Qu: Creating family 73: p352 p353 c354 c355 
Qu: Creating family 74: p356 p357 c358 c359 
Qu: Creating family 75: p360 p361 c362 c363 
Qu: Creating family 76: p364 p365 c366 c367 
Qu: Creating family 77: p368 p369 c370 c371 
Qu: Creating family 78: p372 p373 c374 c375 
Qu: Creating family 79: p376 p377 c378 c379 
Qu: Creating family 80: p380 p381 c382 c383 
Qu: Creating family 81: p384 p385 c386 c387 
Qu: Creating family 82: p388 p389 c390 c391 
Qu: Creating family 83: p392 p393 c394 c395 
Qu: Creating family 84: p396 p397 c398 c399 
Qu: Creating family 85: p400 p401 c402 c403 
Qu: Creating family 86: p404 p405 c406 c407 
Qu: Creating family 87: p408 p409 c410 c411 
Qu: Creating family 88: p412 p413 c414 c415 
Qu: Creating family 89: p416 p417 c418 c419 
Qu: Creating family 90: p420 p421 c422 c423 
Qu: Creating family 91: p424 p425 c426 c427 
Qu: Creating family 92: p428 p429 c430 c431 
Qu: Creating family 93: p432 p433 c434 c435 
Qu: Creating family 94: p436 p437 c438 c439 
Qu: Creating family 95: p440 p441 c442 c443 
Qu: Creating family 96: p444 p445 c446 c447 
Qu: Creating family 97: p448 p449 c450 c451 
Qu: Creating family 98: p452 p453 c454 c455 
Qu: Creating family 99: p456 p457 c458 c459 

Qu: Creating SCHOOL organisation 1, node:o460, |adm:185, | 62, 63, 66, 67, 70, 71, 74, 75, 78, 79, 82, 83, 86, 87, 90, 91, 94, 95, 98, 99, 102, 103, 106, 107, 110, 111, 114, 115, 118, 119, 
Qu: Creating SCHOOL organisation 2, node:o461, |adm:276, | 122, 123, 126, 127, 130, 131, 134, 135, 138, 139, 142, 143, 146, 147, 150, 151, 154, 155, 158, 159, 162, 163, 166, 167, 170, 171, 174, 175, 178, 179, 
Qu: Creating SCHOOL organisation 3, node:o462, |adm:221, | 182, 183, 186, 187, 190, 191, 194, 195, 198, 199, 202, 203, 206, 207, 210, 211, 214, 215, 218, 219, 222, 223, 226, 227, 230, 231, 234, 235, 238, 239, 
Qu: Creating SCHOOL organisation 4, node:o463, |adm:289, | 242, 243, 246, 247, 250, 251, 254, 255, 258, 259, 262, 263, 266, 267, 270, 271, 274, 275, 278, 279, 282, 283, 286, 287, 290, 291, 294, 295, 298, 299, 
Qu: Creating SCHOOL organisation 5, node:o464, |adm:212, | 302, 303, 306, 307, 310, 311, 314, 315, 318, 319, 322, 323, 326, 327, 330, 331, 334, 335, 338, 339, 342, 343, 346, 347, 350, 351, 354, 355, 358, 359, 
Qu: Creating SCHOOL organisation 6, node:o465, |adm:10, | 362, 363, 366, 367, 370, 371, 374, 375, 378, 379, 382, 383, 386, 387, 390, 391, 394, 395, 398, 399, 402, 403, 406, 407, 410, 411, 414, 415, 418, 419, 
Qu: Creating SCHOOL organisation 7, node:o466, |adm:213, | 422, 423, 426, 427, 430, 431, 434, 435, 438, 439, 442, 443, 446, 447, 450, 451, 454, 455, 458, 

Qu: Creating COMPANY organisation 1, node:o467, | | 0, 1, 2, 3, 4, 5, 6, 7, 8, 9, 
Qu: Creating COMPANY organisation 2, node:o468, | | 10, 11, 12, 13, 14, 15, 16, 17, 18, 19, 
Qu: Creating COMPANY organisation 3, node:o469, | | 20, 22, 24, 26, 28, 30, 32, 34, 36, 38, 
Qu: Creating COMPANY organisation 4, node:o470, | | 40, 42, 44, 46, 48, 50, 52, 54, 56, 58, 
Qu: Creating COMPANY organisation 5, node:o471, | | 60, 61, 64, 65, 68, 69, 72, 73, 76, 77, 
Qu: Creating COMPANY organisation 6, node:o472, | | 80, 81, 84, 85, 88, 89, 92, 93, 96, 97, 
Qu: Creating COMPANY organisation 7, node:o473, | | 100, 101, 104, 105, 108, 109, 112, 113, 116, 117, 
Qu: Creating COMPANY organisation 8, node:o474, | | 120, 121, 124, 125, 128, 129, 132, 133, 136, 137, 
Qu: Creating COMPANY organisation 9, node:o475, | | 140, 141, 144, 145, 148, 149, 152, 153, 156, 157, 
Qu: Creating COMPANY organisation 10, node:o476, | | 160, 161, 164, 165, 168, 169, 172, 173, 176, 177, 
Qu: Creating COMPANY organisation 11, node:o477, | | 180, 181, 184, 185, 188, 189, 192, 193, 196, 197, 
Qu: Creating COMPANY organisation 12, node:o478, | | 200, 201, 204, 205, 208, 209, 212, 213, 216, 217, 
Qu: Creating COMPANY organisation 13, node:o479, | | 220, 221, 224, 225, 228, 229, 232, 233, 236, 237, 
Qu: Creating COMPANY organisation 14, node:o480, | | 240, 241, 244, 245, 248, 249, 252, 253, 256, 257, 
Qu: Creating COMPANY organisation 15, node:o481, | | 260, 261, 264, 265, 268, 269, 272, 273, 276, 277, 
Qu: Creating COMPANY organisation 16, node:o482, | | 280, 281, 284, 285, 288, 289, 292, 293, 296, 297, 
Qu: Creating COMPANY organisation 17, node:o483, | | 300, 301, 304, 305, 308, 309, 312, 313, 316, 317, 
Qu: Creating COMPANY organisation 18, node:o484, | | 320, 321, 324, 325, 328, 329, 332, 333, 336, 337, 
Qu: Creating COMPANY organisation 19, node:o485, | | 340, 341, 344, 345, 348, 349, 352, 353, 356, 357, 
Qu: Creating COMPANY organisation 20, node:o486, | | 360, 361, 364, 365, 368, 369, 372, 373, 376, 377, 
Qu: Creating COMPANY organisation 21, node:o487, | | 380, 381, 384, 385, 388, 389, 392, 393, 396, 397, 
Qu: Creating COMPANY organisation 22, node:o488, | | 400, 401, 404, 405, 408, 409, 412, 413, 416, 417, 
Qu: Creating COMPANY organisation 23, node:o489, | | 420, 421, 424, 425, 428, 429, 432, 433, 436, 437, 
Qu: Creating COMPANY organisation 24, node:o490, | | 440, 441, 444, 445, 448, 449, 452, 453, 456, 457, 
Qu: Creating COMPANY organisation 25, node:o491, | | 

Qu: Creating CHURCH organisation 1, node:o492, |adm:478, | 0, 1, 2, 3, 4, 5, 6, 7, 8, 9, 
Qu: Creating CHURCH organisation 2, node:o493, |adm:90, | 10, 11, 12, 13, 14, 15, 16, 17, 18, 19, 
Qu: Creating CHURCH organisation 3, node:o494, |adm:34, | 20, 21, 22, 23, 24, 25, 26, 27, 28, 29, 
Qu: Creating CHURCH organisation 4, node:o495, |adm:492, | 30, 31, 32, 33, 34, 35, 36, 37, 38, 39, 
Qu: Creating CHURCH organisation 5, node:o496, |adm:248, | 40, 41, 42, 43, 44, 45, 46, 47, 48, 49, 
Qu: Creating CHURCH organisation 6, node:o497, |adm:320, | 50, 51, 52, 53, 54, 55, 56, 57, 58, 59, 
Qu: Creating CHURCH organisation 7, node:o498, |adm:370, | 60, 61, 62, 63, 64, 65, 66, 67, 68, 69, 
Qu: Creating CHURCH organisation 8, node:o499, |adm:267, | 70, 71, 72, 73, 74, 75, 76, 77, 78, 79, 
Qu: Creating CHURCH organisation 9, node:o500, |adm:320, | 80, 81, 82, 83, 84, 85, 86, 87, 88, 89, 
Qu: Creating CHURCH organisation 10, node:o501, |adm:317, | 90, 91, 92, 93, 94, 95, 96, 97, 98, 99, 
Qu: Creating CHURCH organisation 11, node:o502, |adm:152, | 100, 101, 102, 103, 104, 105, 106, 107, 108, 109, 
Qu: Creating CHURCH organisation 12, node:o503, |adm:379, | 110, 111, 112, 113, 114, 115, 116, 117, 118, 119, 
Qu: Creating CHURCH organisation 13, node:o504, |adm:388, | 120, 121, 122, 123, 124, 125, 126, 127, 128, 129, 
Qu: Creating CHURCH organisation 14, node:o505, |adm:263, | 130, 131, 132, 133, 134, 135, 136, 137, 138, 139, 
Qu: Creating CHURCH organisation 15, node:o506, |adm:339, | 140, 141, 142, 143, 144, 145, 146, 147, 148, 149, 
Qu: Creating CHURCH organisation 16, node:o507, |adm:205, | 150, 151, 152, 153, 154, 155, 156, 157, 158, 159, 
Qu: Creating CHURCH organisation 17, node:o508, |adm:283, | 160, 161, 162, 163, 164, 165, 166, 167, 168, 169, 
Qu: Creating CHURCH organisation 18, node:o509, |adm:257, | 170, 171, 172, 173, 174, 175, 176, 177, 178, 179, 
Qu: Creating CHURCH organisation 19, node:o510, |adm:270, | 180, 181, 182, 183, 184, 185, 186, 187, 188, 189, 
Qu: Creating CHURCH organisation 20, node:o511, |adm:346, | 190, 191, 192, 193, 194, 195, 196, 197, 198, 199, 
Qu: Creating CHURCH organisation 21, node:o512, |adm:235, | 200, 201, 202, 203, 204, 205, 206, 207, 208, 209, 
Qu: Creating CHURCH organisation 22, node:o513, |adm:400, | 210, 211, 212, 213, 214, 215, 216, 217, 218, 219, 
Qu: Creating CHURCH organisation 23, node:o514, |adm:431, | 220, 221, 222, 223, 224, 225, 226, 227, 228, 229, 
Qu: Creating CHURCH organisation 24, node:o515, |adm:453, | 230, 231, 232, 233, 234, 235, 236, 237, 238, 239, 
Qu: Creating CHURCH organisation 25, node:o516, |adm:471, | 240, 241, 242, 243, 244, 245, 246, 247, 248, 249, 
Qu: Creating CHURCH organisation 26, node:o517, |adm:267, | 250, 251, 252, 253, 254, 255, 256, 257, 258, 259, 
Qu: Creating CHURCH organisation 27, node:o518, |adm:260, | 260, 261, 262, 263, 264, 265, 266, 267, 268, 269, 
Qu: Creating CHURCH organisation 28, node:o519, |adm:433, | 270, 271, 272, 273, 274, 275, 276, 277, 278, 279, 
Qu: Creating CHURCH organisation 29, node:o520, |adm:357, | 280, 281, 282, 283, 284, 285, 286, 287, 288, 289, 
Qu: Creating CHURCH organisation 30, node:o521, |adm:488, | 290, 291, 292, 293, 294, 295, 296, 297, 298, 299, 
Qu: Creating CHURCH organisation 31, node:o522, |adm:434, | 300, 301, 302, 303, 304, 305, 306, 307, 308, 309, 
Qu: Creating CHURCH organisation 32, node:o523, |adm:469, | 310, 311, 312, 313, 314, 315, 316, 317, 318, 319, 
Qu: Creating CHURCH organisation 33, node:o524, |adm:371, | 320, 321, 322, 323, 324, 325, 326, 327, 328, 329, 
Qu: Creating CHURCH organisation 34, node:o525, |adm:521, | 330, 331, 332, 333, 334, 335, 336, 337, 338, 339, 
Qu: Creating CHURCH organisation 35, node:o526, |adm:378, | 340, 341, 342, 343, 344, 345, 346, 347, 348, 349, 
Qu: Creating CHURCH organisation 36, node:o527, |adm:375, | 350, 351, 352, 353, 354, 355, 356, 357, 358, 359, 
Qu: Creating CHURCH organisation 37, node:o528, |adm:366, | 360, 361, 362, 363, 364, 365, 366, 367, 368, 369, 
Qu: Creating CHURCH organisation 38, node:o529, |adm:428, | 370, 371, 372, 373, 374, 375, 376, 377, 378, 379, 
Qu: Creating CHURCH organisation 39, node:o530, |adm:466, | 380, 381, 382, 383, 384, 385, 386, 387, 388, 389, 
Qu: Creating CHURCH organisation 40, node:o531, |adm:480, | 390, 391, 392, 393, 394, 395, 396, 397, 398, 399, 
Qu: Creating CHURCH organisation 41, node:o532, |adm:423, | 400, 401, 402, 403, 404, 405, 406, 407, 408, 409, 
Qu: Creating CHURCH organisation 42, node:o533, |adm:497, | 410, 411, 412, 413, 414, 415, 416, 417, 418, 419, 
Qu: Creating CHURCH organisation 43, node:o534, |adm:463, | 420, 421, 422, 423, 424, 425, 426, 427, 428, 429, 
Qu: Creating CHURCH organisation 44, node:o535, |adm:463, | 430, 431, 432, 433, 434, 435, 436, 437, 438, 439, 
Qu: Creating CHURCH organisation 45, node:o536, |adm:454, | 440, 441, 442, 443, 444, 445, 446, 447, 448, 449, 
Qu: Creating CHURCH organisation 46, node:o537, |adm:534, | 450, 451, 452, 453, 454, 455, 456, 457, 458, 459, 
Qu: Creating CHURCH organisation 47, node:o538, |adm:480, | 463, 466, 469, 471, 478, 480, 488, 
